# JRE version: OpenJDK Runtime Environment (8.0_112-b06) (build 1.8.0_112-release-b06)
# Java VM: OpenJDK 64-Bit Server VM (25.112-b06 mixed mode windows-amd64 compressed oops)
Heap:
 PSYoungGen      total 111616K, used 49086K [0x00000000eab00000, 0x00000000f4f00000, 0x0000000100000000)
  eden space 96256K, 35% used [0x00000000eab00000,0x00000000ecbf0020,0x00000000f0900000)
  from space 15360K, 99% used [0x00000000f4000000,0x00000000f4eff8d8,0x00000000f4f00000)
  to   space 19456K, 0% used [0x00000000f2900000,0x00000000f2900000,0x00000000f3c00000)
 ParOldGen       total 45056K, used 24845K [0x00000000c0000000, 0x00000000c2c00000, 0x00000000eab00000)
  object space 45056K, 55% used [0x00000000c0000000,0x00000000c18434e8,0x00000000c2c00000)
 Metaspace       used 6527K, capacity 7218K, committed 7296K, reserved 1056768K
  class space    used 599K, capacity 618K, committed 640K, reserved 1048576K
GC Heap History (10 events):
Event: 24.533 GC heap before
{Heap before GC invocations=5 (full 0):
 PSYoungGen      total 35840K, used 35824K [0x00000000eab00000, 0x00000000ecf00000, 0x0000000100000000)
  eden space 34816K, 100% used [0x00000000eab00000,0x00000000ecd00000,0x00000000ecd00000)
  from space 1024K, 98% used [0x00000000ece00000,0x00000000ecefc038,0x00000000ecf00000)
  to   space 1024K, 0% used [0x00000000ecd00000,0x00000000ecd00000,0x00000000ece00000)
 ParOldGen       total 22016K, used 6576K [0x00000000c0000000, 0x00000000c1580000, 0x00000000eab00000)
  object space 22016K, 29% used [0x00000000c0000000,0x00000000c066c160,0x00000000c1580000)
 Metaspace       used 6267K, capacity 7152K, committed 7296K, reserved 1056768K
  class space    used 580K, capacity 616K, committed 640K, reserved 1048576K
Event: 24.741 GC heap after
Heap after GC invocations=5 (full 0):
 PSYoungGen      total 35840K, used 992K [0x00000000eab00000, 0x00000000efe00000, 0x0000000100000000)
  eden space 34816K, 0% used [0x00000000eab00000,0x00000000eab00000,0x00000000ecd00000)
  from space 1024K, 96% used [0x00000000ecd00000,0x00000000ecdf8028,0x00000000ece00000)
  to   space 7680K, 0% used [0x00000000ef680000,0x00000000ef680000,0x00000000efe00000)
 ParOldGen       total 22016K, used 12227K [0x00000000c0000000, 0x00000000c1580000, 0x00000000eab00000)
  object space 22016K, 55% used [0x00000000c0000000,0x00000000c0bf0d30,0x00000000c1580000)
 Metaspace       used 6267K, capacity 7152K, committed 7296K, reserved 1056768K
  class space    used 580K, capacity 616K, committed 640K, reserved 1048576K
}
Event: 31.492 GC heap before
{Heap before GC invocations=6 (full 0):
 PSYoungGen      total 35840K, used 35808K [0x00000000eab00000, 0x00000000efe00000, 0x0000000100000000)
  eden space 34816K, 100% used [0x00000000eab00000,0x00000000ecd00000,0x00000000ecd00000)
  from space 1024K, 96% used [0x00000000ecd00000,0x00000000ecdf8028,0x00000000ece00000)
  to   space 7680K, 0% used [0x00000000ef680000,0x00000000ef680000,0x00000000efe00000)
 ParOldGen       total 22016K, used 12227K [0x00000000c0000000, 0x00000000c1580000, 0x00000000eab00000)
  object space 22016K, 55% used [0x00000000c0000000,0x00000000c0bf0d30,0x00000000c1580000)
 Metaspace       used 6311K, capacity 7152K, committed 7296K, reserved 1056768K
  class space    used 580K, capacity 616K, committed 640K, reserved 1048576K
Event: 31.517 GC heap after
Heap after GC invocations=6 (full 0):
 PSYoungGen      total 76288K, used 6272K [0x00000000eab00000, 0x00000000f0000000, 0x0000000100000000)
  eden space 68608K, 0% used [0x00000000eab00000,0x00000000eab00000,0x00000000eee00000)
  from space 7680K, 81% used [0x00000000ef680000,0x00000000efca0028,0x00000000efe00000)
  to   space 8704K, 0% used [0x00000000eee00000,0x00000000eee00000,0x00000000ef680000)
 ParOldGen       total 22016K, used 12235K [0x00000000c0000000, 0x00000000c1580000, 0x00000000eab00000)
  object space 22016K, 55% used [0x00000000c0000000,0x00000000c0bf2d30,0x00000000c1580000)
 Metaspace       used 6311K, capacity 7152K, committed 7296K, reserved 1056768K
  class space    used 580K, capacity 616K, committed 640K, reserved 1048576K
}
Event: 39.146 GC heap before
{Heap before GC invocations=7 (full 0):
 PSYoungGen      total 76288K, used 74880K [0x00000000eab00000, 0x00000000f0000000, 0x0000000100000000)
  eden space 68608K, 100% used [0x00000000eab00000,0x00000000eee00000,0x00000000eee00000)
  from space 7680K, 81% used [0x00000000ef680000,0x00000000efca0028,0x00000000efe00000)
  to   space 8704K, 0% used [0x00000000eee00000,0x00000000eee00000,0x00000000ef680000)
 ParOldGen       total 22016K, used 12235K [0x00000000c0000000, 0x00000000c1580000, 0x00000000eab00000)
  object space 22016K, 55% used [0x00000000c0000000,0x00000000c0bf2d30,0x00000000c1580000)
 Metaspace       used 6505K, capacity 7218K, committed 7296K, reserved 1056768K
  class space    used 599K, capacity 618K, committed 640K, reserved 1048576K
Event: 39.499 GC heap after
Heap after GC invocations=7 (full 0):
 PSYoungGen      total 77312K, used 8691K [0x00000000eab00000, 0x00000000f4f00000, 0x0000000100000000)
  eden space 68608K, 0% used [0x00000000eab00000,0x00000000eab00000,0x00000000eee00000)
  from space 8704K, 99% used [0x00000000eee00000,0x00000000ef67ceb0,0x00000000ef680000)
  to   space 15360K, 0% used [0x00000000f4000000,0x00000000f4000000,0x00000000f4f00000)
 ParOldGen       total 22016K, used 21546K [0x00000000c0000000, 0x00000000c1580000, 0x00000000eab00000)
  object space 22016K, 97% used [0x00000000c0000000,0x00000000c150a958,0x00000000c1580000)
 Metaspace       used 6505K, capacity 7218K, committed 7296K, reserved 1056768K
  class space    used 599K, capacity 618K, committed 640K, reserved 1048576K
}
Event: 39.499 GC heap before
{Heap before GC invocations=8 (full 1):
 PSYoungGen      total 77312K, used 8691K [0x00000000eab00000, 0x00000000f4f00000, 0x0000000100000000)
  eden space 68608K, 0% used [0x00000000eab00000,0x00000000eab00000,0x00000000eee00000)
  from space 8704K, 99% used [0x00000000eee00000,0x00000000ef67ceb0,0x00000000ef680000)
  to   space 15360K, 0% used [0x00000000f4000000,0x00000000f4000000,0x00000000f4f00000)
 ParOldGen       total 22016K, used 21546K [0x00000000c0000000, 0x00000000c1580000, 0x00000000eab00000)
  object space 22016K, 97% used [0x00000000c0000000,0x00000000c150a958,0x00000000c1580000)
 Metaspace       used 6505K, capacity 7218K, committed 7296K, reserved 1056768K
  class space    used 599K, capacity 618K, committed 640K, reserved 1048576K
Event: 44.830 GC heap after
Heap after GC invocations=8 (full 1):
 PSYoungGen      total 77312K, used 7617K [0x00000000eab00000, 0x00000000f4f00000, 0x0000000100000000)
  eden space 68608K, 0% used [0x00000000eab00000,0x00000000eab00000,0x00000000eee00000)
  from space 8704K, 87% used [0x00000000eee00000,0x00000000ef5704b8,0x00000000ef680000)
  to   space 15360K, 0% used [0x00000000f4000000,0x00000000f4000000,0x00000000f4f00000)
 ParOldGen       total 45056K, used 21667K [0x00000000c0000000, 0x00000000c2c00000, 0x00000000eab00000)
  object space 45056K, 48% used [0x00000000c0000000,0x00000000c1528c48,0x00000000c2c00000)
 Metaspace       used 6505K, capacity 7218K, committed 7296K, reserved 1056768K
  class space    used 599K, capacity 618K, committed 640K, reserved 1048576K
}
Event: 58.779 GC heap before
{Heap before GC invocations=9 (full 1):
 PSYoungGen      total 77312K, used 76225K [0x00000000eab00000, 0x00000000f4f00000, 0x0000000100000000)
  eden space 68608K, 100% used [0x00000000eab00000,0x00000000eee00000,0x00000000eee00000)
  from space 8704K, 87% used [0x00000000eee00000,0x00000000ef5704b8,0x00000000ef680000)
  to   space 15360K, 0% used [0x00000000f4000000,0x00000000f4000000,0x00000000f4f00000)
 ParOldGen       total 45056K, used 21667K [0x00000000c0000000, 0x00000000c2c00000, 0x00000000eab00000)
  object space 45056K, 48% used [0x00000000c0000000,0x00000000c1528c48,0x00000000c2c00000)
 Metaspace       used 6525K, capacity 7218K, committed 7296K, reserved 1056768K
  class space    used 599K, capacity 618K, committed 640K, reserved 1048576K
Event: 58.966 GC heap after
Heap after GC invocations=9 (full 1):
 PSYoungGen      total 111616K, used 15358K [0x00000000eab00000, 0x00000000f4f00000, 0x0000000100000000)
  eden space 96256K, 0% used [0x00000000eab00000,0x00000000eab00000,0x00000000f0900000)
  from space 15360K, 99% used [0x00000000f4000000,0x00000000f4eff8d8,0x00000000f4f00000)
  to   space 19456K, 0% used [0x00000000f2900000,0x00000000f2900000,0x00000000f3c00000)
 ParOldGen       total 45056K, used 24845K [0x00000000c0000000, 0x00000000c2c00000, 0x00000000eab00000)
  object space 45056K, 55% used [0x00000000c0000000,0x00000000c18434e8,0x00000000c2c00000)
 Metaspace       used 6525K, capacity 7218K, committed 7296K, reserved 1056768K
  class space    used 599K, capacity 618K, committed 640K, reserved 1048576K
}

